<?xml version="1.0" encoding="UTF-8"?>
<robot generator="Robot 7.1.1 (Python 3.13.0 on win32)" generated="2024-12-18T13:29:07.385823" rpa="false" schemaversion="5">
<suite id="s1" name="Smoke" source="C:\Users\benha\Music\pytest\pytest\robot_framework\test_suite\smoke">
<suite id="s1-s1" name="BDD login page" source="C:\Users\benha\Music\pytest\pytest\robot_framework\test_suite\smoke\BDD_login_page.robot">
<test id="s1-s1-t1" name="Test 001 Login to the website" line="11">
<kw name="Launch chrome browser" owner="core_testcase" type="SETUP">
<kw name="Open Browser" owner="SeleniumLibrary">
<msg time="2024-12-18T13:29:08.018830" level="INFO">Opening browser 'chrome' to base url 'https://adactinhotelapp.com/'.</msg>
<arg>url=${${env}.url}</arg>
<arg>browser=${browser}</arg>
<arg>options=add_argument("${mode}"); add_argument("--no-sandbox"); add_argument('--disable-dev-shm-usage'); add_argument("--ignore-certificate-errors"); add_argument("start-maximized")</arg>
<doc>Opens a new browser instance to the optional ``url``.</doc>
<status status="PASS" start="2024-12-18T13:29:08.017725" elapsed="5.589652"/>
</kw>
<kw name="Maximize Browser Window" owner="SeleniumLibrary">
<doc>Maximizes current browser window.</doc>
<status status="PASS" start="2024-12-18T13:29:13.607889" elapsed="0.016120"/>
</kw>
<status status="PASS" start="2024-12-18T13:29:08.016723" elapsed="5.607524"/>
</kw>
<kw name="Given User in login page" owner="key_login_audactin">
<kw name="Wait Until Element Is Visible" owner="SeleniumLibrary">
<arg>${logo}</arg>
<arg>30s</arg>
<doc>Waits until the element ``locator`` is visible.</doc>
<status status="PASS" start="2024-12-18T13:29:13.626684" elapsed="0.043807"/>
</kw>
<kw name="Element Should Be Visible" owner="SeleniumLibrary">
<msg time="2024-12-18T13:29:13.691978" level="INFO">Element 'css:[class="logo"]' is displayed.</msg>
<arg>${logo}</arg>
<arg>30s</arg>
<doc>Verifies that the element identified by ``locator`` is visible.</doc>
<status status="PASS" start="2024-12-18T13:29:13.670924" elapsed="0.021252"/>
</kw>
<kw name="Sleep" owner="BuiltIn">
<msg time="2024-12-18T13:29:18.693909" level="INFO">Slept 5 seconds.</msg>
<arg>5s</arg>
<doc>Pauses the test executed for the given time.</doc>
<status status="PASS" start="2024-12-18T13:29:13.692767" elapsed="5.001397"/>
</kw>
<status status="PASS" start="2024-12-18T13:29:13.625533" elapsed="5.068904"/>
</kw>
<kw name="When User enter valid credentials" owner="key_login_audactin">
<kw name="Element Should Be Visible" owner="SeleniumLibrary">
<msg time="2024-12-18T13:29:18.719286" level="INFO">Element 'css:[class="login_input"]' is displayed.</msg>
<arg>${username_field}</arg>
<arg>30s</arg>
<doc>Verifies that the element identified by ``locator`` is visible.</doc>
<status status="PASS" start="2024-12-18T13:29:18.696098" elapsed="0.023357"/>
</kw>
<kw name="Input Text" owner="SeleniumLibrary">
<msg time="2024-12-18T13:29:18.720742" level="INFO">Typing text 'test2218' into text field 'css:[class="login_input"]'.</msg>
<arg>${username_field}</arg>
<arg>${qa.username}</arg>
<doc>Types the given ``text`` into the text field identified by ``locator``.</doc>
<status status="PASS" start="2024-12-18T13:29:18.719803" elapsed="0.150733"/>
</kw>
<kw name="Element Should Be Visible" owner="SeleniumLibrary">
<msg time="2024-12-18T13:29:18.896803" level="INFO">Element 'css:[id="password"]' is displayed.</msg>
<arg>${password_field}</arg>
<arg>30s</arg>
<doc>Verifies that the element identified by ``locator`` is visible.</doc>
<status status="PASS" start="2024-12-18T13:29:18.871109" elapsed="0.025898"/>
</kw>
<kw name="Input Password" owner="SeleniumLibrary">
<msg time="2024-12-18T13:29:18.898400" level="INFO">Typing password into text field 'css:[id="password"]'.</msg>
<msg time="2024-12-18T13:29:18.941511" level="INFO">Temporally setting log level to: NONE</msg>
<arg>${password_field}</arg>
<arg>${qa.password}</arg>
<doc>Types the given password into the text field identified by ``locator``.</doc>
<status status="PASS" start="2024-12-18T13:29:18.897324" elapsed="0.125127"/>
</kw>
<kw name="Sleep" owner="BuiltIn">
<msg time="2024-12-18T13:29:22.023448" level="INFO">Slept 3 seconds.</msg>
<arg>3s</arg>
<doc>Pauses the test executed for the given time.</doc>
<status status="PASS" start="2024-12-18T13:29:19.022872" elapsed="3.000818"/>
</kw>
<status status="PASS" start="2024-12-18T13:29:18.695455" elapsed="3.328462"/>
</kw>
<kw name="And User click on login button" owner="key_login_audactin">
<kw name="Element Should Be Visible" owner="SeleniumLibrary">
<msg time="2024-12-18T13:29:22.049230" level="INFO">Element 'css:[id="login"]' is displayed.</msg>
<arg>${login_button}</arg>
<arg>30s</arg>
<doc>Verifies that the element identified by ``locator`` is visible.</doc>
<status status="PASS" start="2024-12-18T13:29:22.025703" elapsed="0.023670"/>
</kw>
<kw name="Click Button" owner="SeleniumLibrary">
<msg time="2024-12-18T13:29:22.049987" level="INFO">Clicking button 'css:[id="login"]'.</msg>
<arg>${login_button}</arg>
<doc>Clicks the button identified by ``locator``.</doc>
<status status="PASS" start="2024-12-18T13:29:22.049667" elapsed="0.105509"/>
</kw>
<kw name="Sleep" owner="BuiltIn">
<msg time="2024-12-18T13:29:25.156719" level="INFO">Slept 3 seconds.</msg>
<arg>3s</arg>
<doc>Pauses the test executed for the given time.</doc>
<status status="PASS" start="2024-12-18T13:29:22.155559" elapsed="3.001412"/>
</kw>
<status status="PASS" start="2024-12-18T13:29:22.024767" elapsed="3.132449"/>
</kw>
<kw name="Then User in main page" owner="key_login_audactin">
<kw name="Element Should Be Visible" owner="SeleniumLibrary">
<msg time="2024-12-18T13:29:25.178522" level="INFO">Element 'css:[class="logo"]' is displayed.</msg>
<arg>${main_page_logo}</arg>
<doc>Verifies that the element identified by ``locator`` is visible.</doc>
<status status="PASS" start="2024-12-18T13:29:25.158711" elapsed="0.020015"/>
</kw>
<status status="PASS" start="2024-12-18T13:29:25.158120" elapsed="0.020812"/>
</kw>
<kw name="Close chrome browser" owner="core_testcase" type="TEARDOWN">
<kw name="Close Browser" owner="SeleniumLibrary">
<doc>Closes the current browser.</doc>
<status status="PASS" start="2024-12-18T13:29:25.181343" elapsed="2.571773"/>
</kw>
<status status="PASS" start="2024-12-18T13:29:25.180662" elapsed="2.572772"/>
</kw>
<tag>login</tag>
<tag>smoke</tag>
<status status="PASS" start="2024-12-18T13:29:08.014731" elapsed="19.739249"/>
</test>
<doc>This file is an robot file to run and execute the testcases</doc>
<status status="PASS" start="2024-12-18T13:29:08.003187" elapsed="19.752279"/>
</suite>
<status status="PASS" start="2024-12-18T13:29:07.388320" elapsed="20.368328"/>
</suite>
<statistics>
<total>
<stat pass="1" fail="0" skip="0">All Tests</stat>
</total>
<tag>
<stat pass="1" fail="0" skip="0">login</stat>
<stat pass="1" fail="0" skip="0">smoke</stat>
</tag>
<suite>
<stat pass="1" fail="0" skip="0" id="s1" name="Smoke">Smoke</stat>
<stat pass="1" fail="0" skip="0" id="s1-s1" name="BDD login page">Smoke.BDD login page</stat>
</suite>
</statistics>
<errors>
</errors>
</robot>
